
=====================================================
23-Mar-2017 20:56
Задание "mongo-daily-bak" запущено...
2017-03-23T20:56:57.894+0600	Failed: error getting oplog start: not found
rm: cannot remove ‘/var/bak/mongo/mongodbtar/mongo-daily-bak-1703232056.tar.gz’: No such file or directory
###########################################
###  Произошла ошибка! Бэкап не удался. ###
###########################################
23-Mar-2017 20:56
Файл бекапа mongo-daily-bak-1703232056.tar.gz не создан
2017-03-23T20:58:30.049+0600	Failed: error getting oplog start: not found
2017-03-23T20:59:47.886+0600	Failed: error getting oplog start: not found
2017-03-23T21:02:32.006+0600	writing file-storage.fs.files to 
2017-03-23T21:02:32.010+0600	writing file-storage.fs.chunks to 
2017-03-23T21:02:32.010+0600	writing paynet-easy.fs.files to 
2017-03-23T21:02:32.010+0600	writing paynet-easy.fs.chunks to 
2017-03-23T21:02:32.016+0600	done dumping paynet-easy.fs.files (36 documents)
2017-03-23T21:02:32.016+0600	done dumping paynet-easy.fs.chunks (36 documents)
2017-03-23T21:02:32.900+0600	done dumping file-storage.fs.files (171503 documents)
2017-03-23T21:02:35.013+0600	[####....................]  file-storage.fs.chunks  20604/117677  (17.5%)
2017-03-23T21:02:38.010+0600	[####....................]  file-storage.fs.chunks  21676/117677  (18.4%)
2017-03-23T21:02:41.010+0600	[####....................]  file-storage.fs.chunks  23237/117677  (19.7%)
2017-03-23T21:02:44.010+0600	[####....................]  file-storage.fs.chunks  23952/117677  (20.4%)
2017-03-23T21:02:47.012+0600	[#####...................]  file-storage.fs.chunks  24760/117677  (21.0%)
2017-03-23T21:02:50.010+0600	[#####...................]  file-storage.fs.chunks  27005/117677  (22.9%)
2017-03-23T21:02:53.010+0600	[#######.................]  file-storage.fs.chunks  37985/117677  (32.3%)
2017-03-23T21:02:56.011+0600	[############............]  file-storage.fs.chunks  59094/117677  (50.2%)
2017-03-23T21:02:59.010+0600	[#############...........]  file-storage.fs.chunks  67329/117677  (57.2%)
2017-03-23T21:03:02.010+0600	[###############.........]  file-storage.fs.chunks  75210/117677  (63.9%)
2017-03-23T21:03:05.010+0600	[###############.........]  file-storage.fs.chunks  77803/117677  (66.1%)
2017-03-23T21:03:08.010+0600	[################........]  file-storage.fs.chunks  81643/117677  (69.4%)
2017-03-23T21:03:11.012+0600	[##################......]  file-storage.fs.chunks  89936/117677  (76.4%)
2017-03-23T21:03:14.011+0600	[###################.....]  file-storage.fs.chunks  94151/117677  (80.0%)
2017-03-23T21:03:17.010+0600	[###################.....]  file-storage.fs.chunks  94952/117677  (80.7%)
2017-03-23T21:03:20.014+0600	[###################.....]  file-storage.fs.chunks  98011/117677  (83.3%)
2017-03-23T21:03:23.014+0600	[#####################...]  file-storage.fs.chunks  104883/117677  (89.1%)
2017-03-23T21:03:26.010+0600	[######################..]  file-storage.fs.chunks  110815/117677  (94.2%)
2017-03-23T21:03:26.209+0600	[########################]  file-storage.fs.chunks  117678/117677  (100.0%)
2017-03-23T21:03:26.209+0600	done dumping file-storage.fs.chunks (117678 documents)

=====================================================
23-Mar-2017 21:14
Задание "mongo-daily-bak" запущено...
2017-03-23T21:14:47.287+0600	writing file-storage.fs.files to 
2017-03-23T21:14:47.287+0600	writing file-storage.fs.chunks to 
2017-03-23T21:14:47.287+0600	writing paynet-easy.fs.files to 
2017-03-23T21:14:47.287+0600	writing paynet-easy.fs.chunks to 
2017-03-23T21:14:47.289+0600	done dumping paynet-easy.fs.files (36 documents)
2017-03-23T21:14:47.289+0600	done dumping paynet-easy.fs.chunks (36 documents)
2017-03-23T21:14:50.287+0600	[####....................]  file-storage.fs.chunks   20695/117681  (17.6%)
2017-03-23T21:14:50.287+0600	[######################..]   file-storage.fs.files  164242/171511  (95.8%)
2017-03-23T21:14:50.287+0600	
2017-03-23T21:14:50.366+0600	[########################]  file-storage.fs.files  171511/171511  (100.0%)
2017-03-23T21:14:50.366+0600	done dumping file-storage.fs.files (171511 documents)
2017-03-23T21:14:53.287+0600	[####....................]  file-storage.fs.chunks  21814/117681  (18.5%)
2017-03-23T21:14:56.287+0600	[####....................]  file-storage.fs.chunks  23358/117681  (19.8%)
2017-03-23T21:14:59.287+0600	[####....................]  file-storage.fs.chunks  24107/117681  (20.5%)
2017-03-23T21:15:02.287+0600	[#####...................]  file-storage.fs.chunks  26434/117681  (22.5%)
2017-03-23T21:15:05.287+0600	[######..................]  file-storage.fs.chunks  34275/117681  (29.1%)
2017-03-23T21:15:08.287+0600	[#######.................]  file-storage.fs.chunks  38089/117681  (32.4%)
2017-03-23T21:15:11.287+0600	[############............]  file-storage.fs.chunks  59191/117681  (50.3%)
2017-03-23T21:15:14.287+0600	[##############..........]  file-storage.fs.chunks  70274/117681  (59.7%)
2017-03-23T21:15:17.287+0600	[###############.........]  file-storage.fs.chunks  75419/117681  (64.1%)
2017-03-23T21:15:20.289+0600	[###############.........]  file-storage.fs.chunks  77980/117681  (66.3%)
2017-03-23T21:15:23.287+0600	[#################.......]  file-storage.fs.chunks  86033/117681  (73.1%)
2017-03-23T21:15:26.287+0600	[##################......]  file-storage.fs.chunks  90130/117681  (76.6%)
2017-03-23T21:15:29.287+0600	[###################.....]  file-storage.fs.chunks  94239/117681  (80.1%)
2017-03-23T21:15:32.287+0600	[###################.....]  file-storage.fs.chunks  95116/117681  (80.8%)
2017-03-23T21:15:35.287+0600	[#####################...]  file-storage.fs.chunks  104305/117681  (88.6%)
2017-03-23T21:15:38.287+0600	[######################..]  file-storage.fs.chunks  110213/117681  (93.7%)
2017-03-23T21:15:40.638+0600	[########################]  file-storage.fs.chunks  117681/117681  (100.0%)
2017-03-23T21:15:40.638+0600	done dumping file-storage.fs.chunks (117681 documents)
tar: Removing leading `/' from member names
     >> Rotate mongo backups
Файл бэкапа сохранен как "/var/bak/mongo/mongodbtar/mongo-daily-bak-1703232114.tar.gz"
Бэкап успешно завершен в 21:16 23-Mar-2017!

=====================================================
23-Mar-2017 21:30
Задание "mongo-daily-bak" запущено...
2017-03-23T21:30:14.701+0600	writing file-storage.fs.files to 
2017-03-23T21:30:14.702+0600	writing file-storage.fs.chunks to 
2017-03-23T21:30:14.702+0600	writing paynet-easy.fs.files to 
2017-03-23T21:30:14.702+0600	writing paynet-easy.fs.chunks to 
2017-03-23T21:30:14.703+0600	done dumping paynet-easy.fs.files (42 documents)
2017-03-23T21:30:14.704+0600	done dumping paynet-easy.fs.chunks (42 documents)
2017-03-23T21:30:17.704+0600	[####....................]  file-storage.fs.chunks   20567/117684  (17.5%)
2017-03-23T21:30:17.704+0600	[###################.....]   file-storage.fs.files  138341/171517  (80.7%)
2017-03-23T21:30:17.704+0600	
2017-03-23T21:30:18.508+0600	[########################]  file-storage.fs.files  171517/171517  (100.0%)
2017-03-23T21:30:18.508+0600	done dumping file-storage.fs.files (171517 documents)
2017-03-23T21:30:20.702+0600	[####....................]  file-storage.fs.chunks  21710/117684  (18.4%)
2017-03-23T21:30:23.734+0600	[####....................]  file-storage.fs.chunks  23272/117684  (19.8%)
2017-03-23T21:30:26.702+0600	[####....................]  file-storage.fs.chunks  24107/117684  (20.5%)
2017-03-23T21:30:29.702+0600	[#####...................]  file-storage.fs.chunks  24830/117684  (21.1%)
2017-03-23T21:30:32.702+0600	[#####...................]  file-storage.fs.chunks  27145/117684  (23.1%)
2017-03-23T21:30:35.702+0600	[#######.................]  file-storage.fs.chunks  38106/117684  (32.4%)
2017-03-23T21:30:38.702+0600	[############............]  file-storage.fs.chunks  59209/117684  (50.3%)
2017-03-23T21:30:41.710+0600	[##############..........]  file-storage.fs.chunks  70210/117684  (59.7%)
2017-03-23T21:30:44.703+0600	[###############.........]  file-storage.fs.chunks  75297/117684  (64.0%)
2017-03-23T21:30:47.702+0600	[###############.........]  file-storage.fs.chunks  77891/117684  (66.2%)
2017-03-23T21:30:50.702+0600	[#################.......]  file-storage.fs.chunks  86033/117684  (73.1%)
2017-03-23T21:30:53.702+0600	[##################......]  file-storage.fs.chunks  90025/117684  (76.5%)
2017-03-23T21:30:56.702+0600	[###################.....]  file-storage.fs.chunks  94239/117684  (80.1%)
2017-03-23T21:30:59.702+0600	[###################.....]  file-storage.fs.chunks  95043/117684  (80.8%)
2017-03-23T21:31:02.702+0600	[#####################...]  file-storage.fs.chunks  104322/117684  (88.6%)
2017-03-23T21:31:05.704+0600	[######################..]  file-storage.fs.chunks  110196/117684  (93.6%)
2017-03-23T21:31:08.298+0600	[########################]  file-storage.fs.chunks  117686/117684  (100.0%)
2017-03-23T21:31:08.298+0600	done dumping file-storage.fs.chunks (117686 documents)
tar: Removing leading `/' from member names
     >> Rotate mongo backups
Файл бэкапа сохранен как "/var/bak/mongo/mongodbtar/mongo-daily-bak-1703232130.tar.gz"
Бэкап успешно завершен в 21:32 23-Mar-2017!

=====================================================
05-Apr-2017 14:37
Задание "mongo-daily-bak" запущено...
2017-04-05T14:37:45.044+0600	writing file-storage.fs.files to 
2017-04-05T14:37:45.045+0600	writing file-storage.fs.chunks to 
2017-04-05T14:37:45.045+0600	writing paynet-easy.fs.files to 
2017-04-05T14:37:45.045+0600	writing paynet-easy.fs.chunks to 
2017-04-05T14:37:45.064+0600	done dumping paynet-easy.fs.chunks (515 documents)
2017-04-05T14:37:45.066+0600	done dumping paynet-easy.fs.files (536 documents)
2017-04-05T14:37:48.113+0600	[###.....................]  file-storage.fs.chunks   20567/125774  (16.4%)
2017-04-05T14:37:48.113+0600	[##################......]   file-storage.fs.files  146976/188317  (78.0%)
2017-04-05T14:37:48.113+0600	
2017-04-05T14:37:49.078+0600	[########################]  file-storage.fs.files  188317/188317  (100.0%)
2017-04-05T14:37:49.078+0600	done dumping file-storage.fs.files (188317 documents)
2017-04-05T14:37:51.044+0600	[####....................]  file-storage.fs.chunks  21796/125774  (17.3%)
2017-04-05T14:37:54.044+0600	[####....................]  file-storage.fs.chunks  23272/125774  (18.5%)
2017-04-05T14:37:57.044+0600	[####....................]  file-storage.fs.chunks  24073/125774  (19.1%)
2017-04-05T14:38:00.047+0600	[#####...................]  file-storage.fs.chunks  26417/125774  (21.0%)
2017-04-05T14:38:03.044+0600	[#####...................]  file-storage.fs.chunks  27092/125774  (21.5%)
2017-04-05T14:38:06.044+0600	[#######.................]  file-storage.fs.chunks  38054/125774  (30.3%)
2017-04-05T14:38:09.044+0600	[###########.............]  file-storage.fs.chunks  59117/125774  (47.0%)
2017-04-05T14:38:12.044+0600	[#############...........]  file-storage.fs.chunks  70206/125774  (55.8%)
2017-04-05T14:38:15.044+0600	[##############..........]  file-storage.fs.chunks  75315/125774  (59.9%)
2017-04-05T14:38:18.044+0600	[##############..........]  file-storage.fs.chunks  77927/125774  (62.0%)
2017-04-05T14:38:21.046+0600	[################........]  file-storage.fs.chunks  85946/125774  (68.3%)
2017-04-05T14:38:24.052+0600	[#################.......]  file-storage.fs.chunks  89973/125774  (71.5%)
2017-04-05T14:38:27.047+0600	[#################.......]  file-storage.fs.chunks  94221/125774  (74.9%)
2017-04-05T14:38:30.044+0600	[##################......]  file-storage.fs.chunks  95006/125774  (75.5%)
2017-04-05T14:38:33.044+0600	[###################.....]  file-storage.fs.chunks  104286/125774  (82.9%)
2017-04-05T14:38:36.044+0600	[#####################...]  file-storage.fs.chunks  110177/125774  (87.6%)
2017-04-05T14:38:39.064+0600	[######################..]  file-storage.fs.chunks  118360/125774  (94.1%)
2017-04-05T14:38:39.351+0600	[########################]  file-storage.fs.chunks  125774/125774  (100.0%)
2017-04-05T14:38:39.351+0600	done dumping file-storage.fs.chunks (125774 documents)
tar: Removing leading `/' from member names
     >> Rotate mongo backups
Файл бэкапа сохранен как "/var/bak/mongo/mongodbtar/mongo-daily-bak-1704051437.tar.gz"
Бэкап успешно завершен в 14:39 05-Apr-2017!
